2019-06-13 10:06:37,769 INFO (StartupInfoLogger.java:50)- Starting AkcrmApplication on DESKTOP-NPVA5I8 with PID 1148 (E:\GitHub\LsKeke\akcrm.micservice\target\classes started by DELL in E:\GitHub\LsKeke\akcrm.micservice)
2019-06-13 10:06:37,809 INFO (SpringApplication.java:675)- No active profile set, falling back to default profiles: default
2019-06-13 10:06:37,959 INFO (DeferredLog.java:227)- Devtools property defaults active! Set 'spring.devtools.add-properties' to 'false' to disable
2019-06-13 10:06:37,959 INFO (DeferredLog.java:227)- For additional web related logging consider setting the 'logging.level.web' property to 'DEBUG'
2019-06-13 10:06:40,219 INFO (TomcatWebServer.java:90)- Tomcat initialized with port(s): 8080 (http)
2019-06-13 10:06:40,239 INFO (DirectJDKLog.java:173)- Initializing ProtocolHandler ["http-nio-8080"]
2019-06-13 10:06:40,289 INFO (DirectJDKLog.java:173)- Starting service [Tomcat]
2019-06-13 10:06:40,289 INFO (DirectJDKLog.java:173)- Starting Servlet Engine: Apache Tomcat/9.0.13
2019-06-13 10:06:40,309 INFO (DirectJDKLog.java:173)- An older version [1.2.14] of the APR based Apache Tomcat Native library is installed, while Tomcat recommends a minimum version of [1.2.18]
2019-06-13 10:06:40,309 INFO (DirectJDKLog.java:173)- Loaded APR based Apache Tomcat Native library [1.2.14] using APR version [1.6.2].
2019-06-13 10:06:40,309 INFO (DirectJDKLog.java:173)- APR capabilities: IPv6 [true], sendfile [true], accept filters [false], random [true].
2019-06-13 10:06:40,309 INFO (DirectJDKLog.java:173)- APR/OpenSSL configuration: useAprConnector [false], useOpenSSL [true]
2019-06-13 10:06:41,379 INFO (DirectJDKLog.java:173)- OpenSSL successfully initialized [OpenSSL 1.0.2l  25 May 2017]
2019-06-13 10:06:41,529 INFO (DirectJDKLog.java:173)- Initializing Spring embedded WebApplicationContext
2019-06-13 10:06:41,529 INFO (ServletWebServerApplicationContext.java:296)- Root WebApplicationContext: initialization completed in 3570 ms
2019-06-13 10:06:42,529 INFO (ExecutorConfigurationSupport.java:171)- Initializing ExecutorService 'applicationTaskExecutor'
2019-06-13 10:06:42,819 INFO (ExecutorConfigurationSupport.java:171)- Initializing ExecutorService 'taskScheduler'
2019-06-13 10:06:42,879 INFO (OptionalLiveReloadServer.java:57)- LiveReload server is running on port 35729
2019-06-13 10:06:42,939 INFO (DirectJDKLog.java:173)- Starting ProtocolHandler ["http-nio-8080"]
2019-06-13 10:06:42,949 INFO (DirectJDKLog.java:173)- Using a shared selector for servlet write/read
2019-06-13 10:06:42,989 INFO (TomcatWebServer.java:204)- Tomcat started on port(s): 8080 (http) with context path ''
2019-06-13 10:06:42,989 INFO (StartupInfoLogger.java:59)- Started AkcrmApplication in 6.35 seconds (JVM running for 10.173)
2019-06-13 10:06:45,089 INFO (ExecutorConfigurationSupport.java:208)- Shutting down ExecutorService 'taskScheduler'
2019-06-13 10:06:45,089 INFO (ExecutorConfigurationSupport.java:208)- Shutting down ExecutorService 'applicationTaskExecutor'
